# JRE version: Java(TM) SE Runtime Environment 18.9 (11.0.26+7) (build 11.0.26+7-LTS-187)
# Java VM: Java HotSpot(TM) 64-Bit Server VM 18.9 (11.0.26+7-LTS-187, mixed mode, tiered, compressed oops, g1 gc, windows-amd64)
Heap:
 garbage-first heap   total 545792K, used 417132K [0x0000000701000000, 0x0000000800000000)
  region size 1024K, 120 young (122880K), 0 survivors (0K)
 Metaspace       used 129481K, capacity 145639K, committed 145820K, reserved 1175552K
  class space    used 14643K, capacity 19683K, committed 19708K, reserved 1048576K
GC Heap History (10 events):
Event: 36.396 GC heap before
{Heap before GC invocations=45 (full 0):
 garbage-first heap   total 545792K, used 463694K [0x0000000701000000, 0x0000000800000000)
  region size 1024K, 80 young (81920K), 4 survivors (4096K)
 Metaspace       used 128221K, capacity 144387K, committed 144540K, reserved 1173504K
  class space    used 14602K, capacity 19617K, committed 19708K, reserved 1048576K
}
Event: 36.399 GC heap after
{Heap after GC invocations=46 (full 0):
 garbage-first heap   total 545792K, used 385970K [0x0000000701000000, 0x0000000800000000)
  region size 1024K, 4 young (4096K), 4 survivors (4096K)
 Metaspace       used 128221K, capacity 144387K, committed 144540K, reserved 1173504K
  class space    used 14602K, capacity 19617K, committed 19708K, reserved 1048576K
}
Event: 38.213 GC heap before
{Heap before GC invocations=46 (full 0):
 garbage-first heap   total 545792K, used 466866K [0x0000000701000000, 0x0000000800000000)
  region size 1024K, 83 young (84992K), 4 survivors (4096K)
 Metaspace       used 128997K, capacity 145105K, committed 145308K, reserved 1175552K
  class space    used 14603K, capacity 19617K, committed 19708K, reserved 1048576K
}
Event: 38.216 GC heap after
{Heap after GC invocations=47 (full 0):
 garbage-first heap   total 545792K, used 385850K [0x0000000701000000, 0x0000000800000000)
  region size 1024K, 4 young (4096K), 4 survivors (4096K)
 Metaspace       used 128997K, capacity 145105K, committed 145308K, reserved 1175552K
  class space    used 14603K, capacity 19617K, committed 19708K, reserved 1048576K
}
Event: 40.016 GC heap before
{Heap before GC invocations=47 (full 0):
 garbage-first heap   total 545792K, used 469818K [0x0000000701000000, 0x0000000800000000)
  region size 1024K, 86 young (88064K), 4 survivors (4096K)
 Metaspace       used 129057K, capacity 145170K, committed 145308K, reserved 1175552K
  class space    used 14603K, capacity 19617K, committed 19708K, reserved 1048576K
}
Event: 40.019 GC heap after
{Heap after GC invocations=48 (full 0):
 garbage-first heap   total 545792K, used 385959K [0x0000000701000000, 0x0000000800000000)
  region size 1024K, 4 young (4096K), 4 survivors (4096K)
 Metaspace       used 129057K, capacity 145170K, committed 145308K, reserved 1175552K
  class space    used 14603K, capacity 19617K, committed 19708K, reserved 1048576K
}
Event: 42.030 GC heap before
{Heap before GC invocations=48 (full 0):
 garbage-first heap   total 545792K, used 471975K [0x0000000701000000, 0x0000000800000000)
  region size 1024K, 88 young (90112K), 4 survivors (4096K)
 Metaspace       used 129169K, capacity 145234K, committed 145564K, reserved 1175552K
  class space    used 14603K, capacity 19617K, committed 19708K, reserved 1048576K
}
Event: 42.034 GC heap after
{Heap after GC invocations=49 (full 0):
 garbage-first heap   total 545792K, used 386005K [0x0000000701000000, 0x0000000800000000)
  region size 1024K, 4 young (4096K), 4 survivors (4096K)
 Metaspace       used 129169K, capacity 145234K, committed 145564K, reserved 1175552K
  class space    used 14603K, capacity 19617K, committed 19708K, reserved 1048576K
}
Event: 42.419 GC heap before
{Heap before GC invocations=49 (full 0):
 garbage-first heap   total 545792K, used 398293K [0x0000000701000000, 0x0000000800000000)
  region size 1024K, 17 young (17408K), 4 survivors (4096K)
 Metaspace       used 129177K, capacity 145234K, committed 145564K, reserved 1175552K
  class space    used 14604K, capacity 19617K, committed 19708K, reserved 1048576K
}
Event: 42.559 GC heap after
{Heap after GC invocations=50 (full 1):
 garbage-first heap   total 545792K, used 293228K [0x0000000701000000, 0x0000000800000000)
  region size 1024K, 0 young (0K), 0 survivors (0K)
 Metaspace       used 129177K, capacity 145234K, committed 145564K, reserved 1175552K
  class space    used 14604K, capacity 19617K, committed 19708K, reserved 1048576K
}

